c:\users\decem\documents\tencent files\494774407\filerecv\远控项目\client\client\client\debug\client.pch
c:\users\decem\documents\tencent files\494774407\filerecv\远控项目\client\client\client\debug\vc140.pdb
c:\users\decem\documents\tencent files\494774407\filerecv\远控项目\client\client\client\debug\vc140.idb
c:\users\decem\documents\tencent files\494774407\filerecv\远控项目\client\client\client\debug\stdafx.obj
c:\users\decem\documents\tencent files\494774407\filerecv\远控项目\client\client\client\debug\client.obj
c:\users\decem\documents\tencent files\494774407\filerecv\远控项目\client\client\client\debug\clientdlg.obj
c:\users\decem\documents\tencent files\494774407\filerecv\远控项目\client\client\client\debug\cmd.obj
c:\users\decem\documents\tencent files\494774407\filerecv\远控项目\client\client\client\debug\file.obj
c:\users\decem\documents\tencent files\494774407\filerecv\远控项目\client\client\client\debug\screen.obj
c:\users\decem\desktop\cr34_刘傲寒_2019\client\client\debug\client.pch
c:\users\decem\desktop\cr34_刘傲寒_2019\client\client\debug\vc140.pdb
c:\users\decem\desktop\cr34_刘傲寒_2019\client\client\debug\vc140.idb
c:\users\decem\desktop\cr34_刘傲寒_2019\client\client\debug\stdafx.obj
c:\users\decem\desktop\cr34_刘傲寒_2019\client\client\debug\client.obj
c:\users\decem\desktop\cr34_刘傲寒_2019\client\client\debug\clientdlg.obj
c:\users\decem\desktop\cr34_刘傲寒_2019\client\client\debug\cmd.obj
c:\users\decem\desktop\cr34_刘傲寒_2019\client\client\debug\file.obj
c:\users\decem\desktop\cr34_刘傲寒_2019\client\client\debug\screen.obj
c:\users\decem\documents\tencent files\494774407\filerecv\远控项目\client\client\debug\client.ilk
c:\users\decem\documents\tencent files\494774407\filerecv\远控项目\client\client\debug\client.exe
c:\users\decem\documents\tencent files\494774407\filerecv\远控项目\client\client\debug\client.pdb
c:\users\decem\desktop\cr34_刘傲寒_2019\client\debug\client.ilk
c:\users\decem\desktop\cr34_刘傲寒_2019\client\debug\client.exe
c:\users\decem\desktop\cr34_刘傲寒_2019\client\debug\client.pdb
c:\users\decem\documents\tencent files\494774407\filerecv\远控项目\client\client\client\debug\client.res
c:\users\decem\desktop\cr34_刘傲寒_2019\client\client\debug\client.res
c:\users\decem\desktop\cr34_刘傲寒_2019\client\client\debug\client.tlog\cl.command.1.tlog
c:\users\decem\desktop\cr34_刘傲寒_2019\client\client\debug\client.tlog\cl.read.1.tlog
c:\users\decem\desktop\cr34_刘傲寒_2019\client\client\debug\client.tlog\cl.write.1.tlog
c:\users\decem\desktop\cr34_刘傲寒_2019\client\client\debug\client.tlog\link.command.1.tlog
c:\users\decem\desktop\cr34_刘傲寒_2019\client\client\debug\client.tlog\link.read.1.tlog
c:\users\decem\desktop\cr34_刘傲寒_2019\client\client\debug\client.tlog\link.write.1.tlog
c:\users\decem\desktop\cr34_刘傲寒_2019\client\client\debug\client.tlog\rc.command.1.tlog
c:\users\decem\desktop\cr34_刘傲寒_2019\client\client\debug\client.tlog\rc.read.1.tlog
c:\users\decem\desktop\cr34_刘傲寒_2019\client\client\debug\client.tlog\rc.write.1.tlog
